Blockchain.com
Home
Prices
Charts
NFTs
Buy
More
Home
Prices
Charts
NFTs
DeFi
Academy
News
Developers
Wallet
Exchange
Bitcoin
Ethereum
Bitcoin_Cash
[One of: English/Español/Português/Pyccкий/Français/Deutsch]
Blockchain.com
[Unknown INPUT type]
Sign_In
[                    ]
Sign_In
Bitcoin/USD27,755.00
1.58%
Ethereum/USD1,647.58
0.24%
Tether/USD1.00
0.0003%
BNB/USD213.53
0.21%
XRP/USD0.53
4.45%
USDC/USD1.00
0.05%
Lido_Staked_Ether/USD1,646.01
0.29%
Solana/USD23.28
0.71%
Cardano/USD0.26
0.65%
Dogecoin/USD0.06
0.06%
TRON/USD0.09
0.11%
Toncoin/USD1.96
3.77%
Polygon/USD0.56
0.62%
Polkadot/USD4.04
0.64%
Litecoin/USD64.34
1.68%
Wrapped_Bitcoin/USD27,750.00
1.61%
Bitcoin_Cash/USD231.89
0.47%
Shiba_Inu/USD0.000007
0.11%
Chainlink/USD7.70
3.94%
Dai/USD1.00
0.08%
Bitcoin/USD27,755.00
1.58%
Ethereum/USD1,647.58
0.24%
Tether/USD1.00
0.0003%
BNB/USD213.53
0.21%
XRP/USD0.53
4.45%
USDC/USD1.00
0.05%
Lido_Staked_Ether/USD1,646.01
0.29%
Solana/USD23.28
0.71%
Cardano/USD0.26
0.65%
Dogecoin/USD0.06
0.06%
TRON/USD0.09
0.11%
Toncoin/USD1.96
3.77%
Polygon/USD0.56
0.62%
Polkadot/USD4.04
0.64%
Litecoin/USD64.34
1.68%
Wrapped_Bitcoin/USD27,750.00
1.61%
Bitcoin_Cash/USD231.89
0.47%
Shiba_Inu/USD0.000007
0.11%
Chainlink/USD7.70
3.94%
Dai/USD1.00
0.08%
Bitcoin Mempool
Dive into the Bitcoin mempool and discover economic trends onchain.
Mempool Bytes Per Fee Level
******_Average_Transaction_Time_******
***** ‍ *****
->
Oct 03 · 4 Minutes
******_Confirmations_Per_Day_******
***** ‍ *****
->
Oct 03 · 310 Confirmations
******_Total_Transactions_******
***** ‍ *****
->
Oct 03 · 902 Txs
******_Average_Transactions_Per_Block_******
***** ‍ *****
->
Oct 03 · 1 Txs
Unconfirmed BTC Transactions
Hash_45b1-0818
10/04/2023,_22:45:00
0.00038625_BTC
$10.72
Hash_3bba-3abd
10/04/2023,_22:44:58
0.00533879_BTC
$148.12
Hash_e16a-0170
10/04/2023,_22:44:58
0.00125195_BTC
$34.73
Hash_df91-1b14
10/04/2023,_22:44:58
0.00734183_BTC
$203.69
Hash_99b7-3db2
10/04/2023,_22:44:57
0.01191169_BTC
$330.48
Hash_dad9-3f7a
10/04/2023,_22:44:57
0.00721000_BTC
$200.04
Hash_52d1-3140
10/04/2023,_22:44:57
0.00589357_BTC
$163.51
Hash_9c58-ac63
10/04/2023,_22:44:56
0.00703408_BTC
$195.16
Hash_fca6-0d08
10/04/2023,_22:44:56
0.01620105_BTC
$449.49
Hash_0acb-87e9
10/04/2023,_22:44:55
0.12139156_BTC
$3,367.92
Hash_4b42-d485
10/04/2023,_22:44:55
0.21724895_BTC
$6,027.42
Hash_2111-c911
10/04/2023,_22:44:55
0.33032850_BTC
$9,164.73
Hash_70af-ed85
10/04/2023,_22:44:54
0.99984313_BTC
$27,739.94
Hash_ae52-a268
10/04/2023,_22:44:54
0.00591442_BTC
$164.09
Hash_1bed-5e14
10/04/2023,_22:44:53
0.72827276_BTC
$20,205.41
Hash_22aa-bea2
10/04/2023,_22:44:52
0.00099750_BTC
$27.67
Hash_3718-7a1b
10/04/2023,_22:44:51
1.73779303_BTC
$48,213.83
Explore top crypto assets.
[Unknown INPUT type]
/
[Unknown INPUT type]
