Blockchain.com
Home
Prices
Charts
NFTs
Buy
More
Home
Prices
Charts
NFTs
DeFi
Academy
News
Developers
Wallet
Exchange
Bitcoin
Ethereum
Bitcoin_Cash
[One of: English/Español/Português/Pyccкий/Français/Deutsch]
Blockchain.com
[Unknown INPUT type]
Sign_In
[                    ]
Sign_In
Bitcoin/USD27,759.00
1.41%
Ethereum/USD1,646.00
0.54%
Tether/USD1.00
0.06%
BNB/USD213.48
0.12%
XRP/USD0.53
3.64%
USDC/USD1.00
0.01%
Lido_Staked_Ether/USD1,645.97
0.42%
Solana/USD23.15
1.46%
Cardano/USD0.26
0.05%
Dogecoin/USD0.06
0.04%
TRON/USD0.09
1.92%
Toncoin/USD1.96
3.03%
Polygon/USD0.56
1.01%
Polkadot/USD4.04
0.79%
Litecoin/USD64.38
1.68%
Wrapped_Bitcoin/USD27,744.00
1.39%
Bitcoin_Cash/USD231.91
0.12%
Shiba_Inu/USD0.000007
0.07%
Chainlink/USD7.68
3.24%
Dai/USD1.00
0.11%
Bitcoin/USD27,759.00
1.41%
Ethereum/USD1,646.00
0.54%
Tether/USD1.00
0.06%
BNB/USD213.48
0.12%
XRP/USD0.53
3.64%
USDC/USD1.00
0.01%
Lido_Staked_Ether/USD1,645.97
0.42%
Solana/USD23.15
1.46%
Cardano/USD0.26
0.05%
Dogecoin/USD0.06
0.04%
TRON/USD0.09
1.92%
Toncoin/USD1.96
3.03%
Polygon/USD0.56
1.01%
Polkadot/USD4.04
0.79%
Litecoin/USD64.38
1.68%
Wrapped_Bitcoin/USD27,744.00
1.39%
Bitcoin_Cash/USD231.91
0.12%
Shiba_Inu/USD0.000007
0.07%
Chainlink/USD7.68
3.24%
Dai/USD1.00
0.11%
Bitcoin Mempool
Dive into the Bitcoin mempool and discover economic trends onchain.
Mempool Bytes Per Fee Level
******_Average_Transaction_Time_******
***** ‍ *****
->
Oct 03 · 4 Minutes
******_Confirmations_Per_Day_******
***** ‍ *****
->
Oct 03 · 310 Confirmations
******_Total_Transactions_******
***** ‍ *****
->
Oct 03 · 902 Txs
******_Average_Transactions_Per_Block_******
***** ‍ *****
->
Oct 03 · 1 Txs
Unconfirmed BTC Transactions
Hash_8f94-4790
10/04/2023,_21:43:12
0.00912246_BTC
$253.14
Hash_7569-7d8e
10/04/2023,_21:43:12
0.00697044_BTC
$193.42
Hash_2b73-5241
10/04/2023,_21:43:12
0.04204571_BTC
$1,166.71
Hash_acdb-4f35
10/04/2023,_21:43:12
0.01774060_BTC
$492.28
Hash_d18c-f000
10/04/2023,_21:43:12
0.02809088_BTC
$779.49
Hash_b8cd-59e8
10/04/2023,_21:43:11
0.01441256_BTC
$399.93
Hash_485f-aadb
10/04/2023,_21:43:11
0.00347923_BTC
$96.54
Hash_4788-b781
10/04/2023,_21:43:11
0.00105637_BTC
$29.31
Hash_70fb-511f
10/04/2023,_21:43:11
0.00428697_BTC
$118.96
Hash_bc99-0d85
10/04/2023,_21:43:10
0.05260878_BTC
$1,459.82
Hash_e757-685f
10/04/2023,_21:43:10
0.00203015_BTC
$56.33
Hash_b812-8627
10/04/2023,_21:43:10
0.00079000_BTC
$21.92
Hash_a267-97bc
10/04/2023,_21:43:09
0.00172991_BTC
$48.00
Hash_c4e2-ae9f
10/04/2023,_21:43:09
0.01820410_BTC
$505.14
Hash_b8df-4d8a
10/04/2023,_21:43:09
0.00387023_BTC
$107.39
Hash_c1ff-cf63
10/04/2023,_21:43:09
0.02741297_BTC
$760.67
Hash_6e66-9b4d
10/04/2023,_21:43:09
3.83865981_BTC
$106,517
Explore top crypto assets.
[Unknown INPUT type]
/
[Unknown INPUT type]
